<?xml version="1.0" encoding="UTF-8"?>
<!-- Generated by org.testng.reporters.JUnitReportReporter -->
<testsuite skipped="0" hostname="workstations-MacBook-Air.local" name="smokeTestCase.To_Lunch_Flipcart_Test" tests="1" failures="0" timestamp="2024-03-21T15:19:11 IST" time="15.641" errors="0">
  <testcase name="cadbury" time="15.641" classname="smokeTestCase.To_Lunch_Flipcart_Test"/>
  <system-out/>
</testsuite> <!-- smokeTestCase.To_Lunch_Flipcart_Test -->
