<?xml version="1.0" encoding="UTF-8"?>
<!-- Generated by org.testng.reporters.JUnitReportReporter -->
<testsuite skipped="0" hostname="workstations-MacBook-Air.local" name="smokeTestCase.Tc_Demo_001" tests="1" failures="0" timestamp="2024-03-20T16:24:03 IST" time="20.654" errors="0">
  <testcase name="demoWebShop" time="20.654" classname="smokeTestCase.Tc_Demo_001"/>
  <system-out/>
</testsuite> <!-- smokeTestCase.Tc_Demo_001 -->
