<?xml version="1.0" encoding="UTF-8"?>
<!-- Generated by org.testng.reporters.JUnitReportReporter -->
<testsuite skipped="0" hostname="workstations-MacBook-Air.local" name="intigrationTestCase.To_Launch_Sugar_Test" tests="1" failures="0" timestamp="2024-03-21T15:54:59 IST" time="20.268" errors="0">
  <testcase name="cadbury" time="20.268" classname="intigrationTestCase.To_Launch_Sugar_Test"/>
  <system-out/>
</testsuite> <!-- intigrationTestCase.To_Launch_Sugar_Test -->
